./Agent/Agent.java
./Agent/AgentToAuction.java
./Agent/AgentToBank.java
./Agent/AuctionListener.java
./Agent/Testing/AgentBankComm.java
./AuctionHouse/AgentListener.java
./AuctionHouse/AgentProxy.java
./AuctionHouse/Auction.java
./AuctionHouse/AuctionHouse.java
./AuctionHouse/BankProxy.java
./AuctionHouse/Item.java
./AuctionHouse/ItemNameGen.java
./AuctionHouse/Testing/SenderClient.java
./Bank/Bank.java
./Bank/BankInit.java
./Bank/BankState.java
./Bank/BankToAgent.java
./Bank/BankToAuctionHouse.java
./Examples/KnockKnock.java
./Examples/KnockKnockClient.java
./Examples/KnockKnockServer.java
./Examples/ListStringAddresssTest.java
./mainGUI/Main.java
./util/Message.java
./util/MessageEnums.java
./util/Tuple.java
